Build started 2015/1/2 4:20:33.
     1>Project "C:\Users\XiaoYang\Downloads\Pool Game v1.0\Pool Game.vcxproj" on node 2 (build target(s)).
     1>InitializeBuildStatus:
         Creating "Debug\Pool Game.unsuccessfulbuild" because "AlwaysCreate" was specified.
       ClCompile:
         c:\Program Files (x86)\Microsoft Visual Studio 10.0\VC\bin\CL.exe /c /I"glut-3.7.6-bin" /ZI /nologo /W3 /WX- /Od /Oy- /D WIN32 /D _DEBUG /D _CONSOLE /D _UNICODE /D UNICODE /Gm /EHsc /RTC1 /MDd /GS /fp:precise /Zc:wchar_t /Zc:forScope /Fo"Debug\\" /Fd"Debug\vc100.pdb" /Gd /TP /analyze- /errorReport:prompt "Pool Game.cpp" simulation.cpp
         Pool Game.cpp
         Generating Code...
         Compiling...
         simulation.cpp
         Generating Code...
       Link:
         c:\Program Files (x86)\Microsoft Visual Studio 10.0\VC\bin\link.exe /ERRORREPORT:PROMPT /OUT:"C:\Users\XiaoYang\Downloads\Pool Game v1.0\Debug\Pool Game.exe" /INCREMENTAL:NO /NOLOGO /LIBPATH:"glut-3.7.6-bin" kernel32.lib user32.lib gdi32.lib winspool.lib comdlg32.lib advapi32.lib shell32.lib ole32.lib oleaut32.lib uuid.lib odbc32.lib odbccp32.lib /MANIFEST /ManifestFile:"Debug\Pool Game.exe.intermediate.manifest" /MANIFESTUAC:"level='asInvoker' uiAccess='false'" /DEBUG /PDB:"C:\Users\XiaoYang\Downloads\Pool Game v1.0\Debug\Pool Game.pdb" /SUBSYSTEM:CONSOLE /TLBID:1 /DYNAMICBASE /NXCOMPAT /IMPLIB:"C:\Users\XiaoYang\Downloads\Pool Game v1.0\Debug\Pool Game.lib" /MACHINE:X86 "Debug\Pool Game.obj"
         Debug\simulation.obj
         Debug\stdafx.obj
     1>Pool Game.obj : warning LNK4075: ignoring '/EDITANDCONTINUE' due to '/INCREMENTAL:NO' specification
         Pool Game.vcxproj -> C:\Users\XiaoYang\Downloads\Pool Game v1.0\Debug\Pool Game.exe
       Manifest:
         c:\Program Files (x86)\Microsoft SDKs\Windows\v7.0A\bin\mt.exe /nologo /verbose /outputresource:"C:\Users\XiaoYang\Downloads\Pool Game v1.0\Debug\Pool Game.exe;#1" /manifest "Debug\Pool Game.exe.intermediate.manifest"
       FinalizeBuildStatus:
         Deleting file "Debug\Pool Game.unsuccessfulbuild".
         Touching "Debug\Pool Game.lastbuildstate".
     1>Done Building Project "C:\Users\XiaoYang\Downloads\Pool Game v1.0\Pool Game.vcxproj" (build target(s)).

Build succeeded.

Time Elapsed 00:00:01.47
