C:\Users\XiaoYang\Downloads\Pool Game v1.0\Debug\cl.command.1.tlog
C:\Users\XiaoYang\Downloads\Pool Game v1.0\Debug\CL.read.1.tlog
C:\Users\XiaoYang\Downloads\Pool Game v1.0\Debug\CL.write.1.tlog
C:\Users\XiaoYang\Downloads\Pool Game v1.0\Debug\link.command.1.tlog
C:\Users\XiaoYang\Downloads\Pool Game v1.0\Debug\link.read.1.tlog
C:\Users\XiaoYang\Downloads\Pool Game v1.0\Debug\link.write.1.tlog
C:\Users\XiaoYang\Downloads\Pool Game v1.0\Debug\link-cvtres.read.1.tlog
C:\Users\XiaoYang\Downloads\Pool Game v1.0\Debug\link-cvtres.write.1.tlog
C:\Users\XiaoYang\Downloads\Pool Game v1.0\Debug\mt.command.1.tlog
C:\Users\XiaoYang\Downloads\Pool Game v1.0\Debug\mt.read.1.tlog
C:\Users\XiaoYang\Downloads\Pool Game v1.0\Debug\mt.write.1.tlog
C:\USERS\XIAOYANG\DOWNLOADS\POOL GAME V1.0\DEBUG\POOL GAME.EXE
C:\Users\XiaoYang\Downloads\Pool Game v1.0\Debug\Pool Game.exe.embed.manifest
C:\USERS\XIAOYANG\DOWNLOADS\POOL GAME V1.0\DEBUG\POOL GAME.EXE.EMBED.MANIFEST.RES
C:\USERS\XIAOYANG\DOWNLOADS\POOL GAME V1.0\DEBUG\POOL GAME.EXE.INTERMEDIATE.MANIFEST
C:\USERS\XIAOYANG\DOWNLOADS\POOL GAME V1.0\DEBUG\POOL GAME.ILK
C:\USERS\XIAOYANG\DOWNLOADS\POOL GAME V1.0\DEBUG\POOL GAME.OBJ
C:\USERS\XIAOYANG\DOWNLOADS\POOL GAME V1.0\DEBUG\POOL GAME.PDB
C:\Users\XiaoYang\Downloads\Pool Game v1.0\Debug\Pool Game_manifest.rc
C:\Users\XiaoYang\Downloads\Pool Game v1.0\Debug\rc.command.1.tlog
C:\Users\XiaoYang\Downloads\Pool Game v1.0\Debug\rc.read.1.tlog
C:\Users\XiaoYang\Downloads\Pool Game v1.0\Debug\rc.write.1.tlog
C:\USERS\XIAOYANG\DOWNLOADS\POOL GAME V1.0\DEBUG\SIMULATION.OBJ
C:\USERS\XIAOYANG\DOWNLOADS\POOL GAME V1.0\DEBUG\STDAFX.OBJ
C:\Users\XiaoYang\Downloads\Pool Game v1.0\Debug\vc100.idb
C:\USERS\XIAOYANG\DOWNLOADS\POOL GAME V1.0\DEBUG\VC100.PDB
C:\Users\XiaoYang\Downloads\Pool Game v1.0\Debug\vc90.idb
C:\Users\XiaoYang\Downloads\Pool Game v1.0\Debug\vc90.pdb
